  first_app.cpp
  lve_window.cpp
  main.cpp
  lve_pipeline.cpp
  lve_device.cpp
  lve_swap_chain.cpp
first_app.obj : error LNK2038: mismatch detected for '_ITERATOR_DEBUG_LEVEL': value '2' doesn't match value '0' in first_app.obj
first_app.obj : error LNK2038: mismatch detected for 'RuntimeLibrary': value 'MDd_DynamicDebug' doesn't match value 'MD_DynamicRelease' in first_app.obj
first_app.obj : warning LNK4075: ignoring '/EDITANDCONTINUE' due to '/OPT:ICF' specification
lve_pipeline.obj : error LNK2038: mismatch detected for '_ITERATOR_DEBUG_LEVEL': value '2' doesn't match value '0' in first_app.obj
lve_pipeline.obj : error LNK2038: mismatch detected for 'RuntimeLibrary': value 'MDd_DynamicDebug' doesn't match value 'MD_DynamicRelease' in first_app.obj
lve_window.obj : error LNK2038: mismatch detected for '_ITERATOR_DEBUG_LEVEL': value '2' doesn't match value '0' in first_app.obj
lve_window.obj : error LNK2038: mismatch detected for 'RuntimeLibrary': value 'MDd_DynamicDebug' doesn't match value 'MD_DynamicRelease' in first_app.obj
main.obj : error LNK2038: mismatch detected for '_ITERATOR_DEBUG_LEVEL': value '2' doesn't match value '0' in first_app.obj
main.obj : error LNK2038: mismatch detected for 'RuntimeLibrary': value 'MDd_DynamicDebug' doesn't match value 'MD_DynamicRelease' in first_app.obj
LINK : warning LNK4098: defaultlib 'MSVCRTD' conflicts with use of other libs; use /NODEFAULTLIB:library
first_app.obj : error LNK2001: unresolved external symbol __imp__invalid_parameter
lve_pipeline.obj : error LNK2001: unresolved external symbol __imp__invalid_parameter
lve_window.obj : error LNK2001: unresolved external symbol __imp__invalid_parameter
first_app.obj : error LNK2001: unresolved external symbol __imp__CrtDbgReport
lve_pipeline.obj : error LNK2001: unresolved external symbol __imp__CrtDbgReport
lve_window.obj : error LNK2001: unresolved external symbol __imp__CrtDbgReport
D:\source\repos\Project1\x64\Release\Project1.exe : fatal error LNK1120: 2 unresolved externals
